# JRE version: OpenJDK Runtime Environment (11.0.8+10) (build 11.0.8+10-b944.6842174)
# Java VM: OpenJDK 64-Bit Server VM (11.0.8+10-b944.6842174, mixed mode, tiered, compressed oops, g1 gc, windows-amd64)
Heap:
 garbage-first heap   total 249856K, used 158287K [0x0000000080000000, 0x0000000100000000)
  region size 1024K, 6 young (6144K), 5 survivors (5120K)
 Metaspace       used 105023K, capacity 107543K, committed 107724K, reserved 1142784K
  class space    used 13303K, capacity 14213K, committed 14336K, reserved 1048576K
GC Heap History (20 events):
Event: 102.701 GC heap after
{Heap after GC invocations=44 (full 0):
 garbage-first heap   total 199680K, used 116488K [0x0000000080000000, 0x0000000100000000)
  region size 1024K, 8 young (8192K), 8 survivors (8192K)
 Metaspace       used 93244K, capacity 95466K, committed 95564K, reserved 1132544K
  class space    used 11851K, capacity 12594K, committed 12672K, reserved 1048576K
}
Event: 102.852 GC heap before
{Heap before GC invocations=44 (full 0):
 garbage-first heap   total 199680K, used 117512K [0x0000000080000000, 0x0000000100000000)
  region size 1024K, 9 young (9216K), 8 survivors (8192K)
 Metaspace       used 93246K, capacity 95466K, committed 95564K, reserved 1132544K
  class space    used 11851K, capacity 12594K, committed 12672K, reserved 1048576K
}
Event: 102.957 GC heap after
{Heap after GC invocations=45 (full 0):
 garbage-first heap   total 199680K, used 113444K [0x0000000080000000, 0x0000000100000000)
  region size 1024K, 2 young (2048K), 2 survivors (2048K)
 Metaspace       used 93246K, capacity 95466K, committed 95564K, reserved 1132544K
  class space    used 11851K, capacity 12594K, committed 12672K, reserved 1048576K
}
Event: 105.936 GC heap before
{Heap before GC invocations=45 (full 0):
 garbage-first heap   total 199680K, used 150308K [0x0000000080000000, 0x0000000100000000)
  region size 1024K, 39 young (39936K), 2 survivors (2048K)
 Metaspace       used 95077K, capacity 97408K, committed 97612K, reserved 1134592K
  class space    used 12117K, capacity 12927K, committed 12928K, reserved 1048576K
}
Event: 106.077 GC heap after
{Heap after GC invocations=46 (full 0):
 garbage-first heap   total 199680K, used 129932K [0x0000000080000000, 0x0000000100000000)
  region size 1024K, 5 young (5120K), 5 survivors (5120K)
 Metaspace       used 95077K, capacity 97408K, committed 97612K, reserved 1134592K
  class space    used 12117K, capacity 12927K, committed 12928K, reserved 1048576K
}
Event: 109.945 GC heap before
{Heap before GC invocations=47 (full 0):
 garbage-first heap   total 199680K, used 151436K [0x0000000080000000, 0x0000000100000000)
  region size 1024K, 31 young (31744K), 5 survivors (5120K)
 Metaspace       used 95939K, capacity 98263K, committed 98508K, reserved 1134592K
  class space    used 12222K, capacity 13033K, committed 13056K, reserved 1048576K
}
Event: 110.030 GC heap after
{Heap after GC invocations=48 (full 0):
 garbage-first heap   total 249856K, used 129252K [0x0000000080000000, 0x0000000100000000)
  region size 1024K, 4 young (4096K), 4 survivors (4096K)
 Metaspace       used 95939K, capacity 98263K, committed 98508K, reserved 1134592K
  class space    used 12222K, capacity 13033K, committed 13056K, reserved 1048576K
}
Event: 110.386 GC heap before
{Heap before GC invocations=48 (full 0):
 garbage-first heap   total 249856K, used 137444K [0x0000000080000000, 0x0000000100000000)
  region size 1024K, 12 young (12288K), 4 survivors (4096K)
 Metaspace       used 96001K, capacity 98334K, committed 98508K, reserved 1134592K
  class space    used 12230K, capacity 13035K, committed 13056K, reserved 1048576K
}
Event: 110.440 GC heap after
{Heap after GC invocations=49 (full 0):
 garbage-first heap   total 249856K, used 125808K [0x0000000080000000, 0x0000000100000000)
  region size 1024K, 2 young (2048K), 2 survivors (2048K)
 Metaspace       used 96001K, capacity 98334K, committed 98508K, reserved 1134592K
  class space    used 12230K, capacity 13035K, committed 13056K, reserved 1048576K
}
Event: 116.776 GC heap before
{Heap before GC invocations=49 (full 0):
 garbage-first heap   total 249856K, used 179056K [0x0000000080000000, 0x0000000100000000)
  region size 1024K, 49 young (50176K), 2 survivors (2048K)
 Metaspace       used 96552K, capacity 98976K, committed 99148K, reserved 1134592K
  class space    used 12287K, capacity 13110K, committed 13184K, reserved 1048576K
}
Event: 116.829 GC heap after
{Heap after GC invocations=50 (full 0):
 garbage-first heap   total 249856K, used 135196K [0x0000000080000000, 0x0000000100000000)
  region size 1024K, 7 young (7168K), 7 survivors (7168K)
 Metaspace       used 96552K, capacity 98976K, committed 99148K, reserved 1134592K
  class space    used 12287K, capacity 13110K, committed 13184K, reserved 1048576K
}
Event: 120.602 GC heap before
{Heap before GC invocations=51 (full 0):
 garbage-first heap   total 249856K, used 189868K [0x0000000080000000, 0x0000000100000000)
  region size 1024K, 53 young (54272K), 7 survivors (7168K)
 Metaspace       used 96741K, capacity 99149K, committed 99404K, reserved 1136640K
  class space    used 12300K, capacity 13142K, committed 13184K, reserved 1048576K
}
Event: 120.679 GC heap after
{Heap after GC invocations=52 (full 0):
 garbage-first heap   total 249856K, used 151008K [0x0000000080000000, 0x0000000100000000)
  region size 1024K, 7 young (7168K), 7 survivors (7168K)
 Metaspace       used 96741K, capacity 99149K, committed 99404K, reserved 1136640K
  class space    used 12300K, capacity 13142K, committed 13184K, reserved 1048576K
}
Event: 120.890 GC heap before
{Heap before GC invocations=52 (full 0):
 garbage-first heap   total 249856K, used 156128K [0x0000000080000000, 0x0000000100000000)
  region size 1024K, 12 young (12288K), 7 survivors (7168K)
 Metaspace       used 96746K, capacity 99155K, committed 99404K, reserved 1136640K
  class space    used 12301K, capacity 13143K, committed 13184K, reserved 1048576K
}
Event: 120.949 GC heap after
{Heap after GC invocations=53 (full 0):
 garbage-first heap   total 249856K, used 149353K [0x0000000080000000, 0x0000000100000000)
  region size 1024K, 1 young (1024K), 1 survivors (1024K)
 Metaspace       used 96746K, capacity 99155K, committed 99404K, reserved 1136640K
  class space    used 12301K, capacity 13143K, committed 13184K, reserved 1048576K
}
Event: 124.676 GC heap before
{Heap before GC invocations=53 (full 0):
 garbage-first heap   total 249856K, used 192361K [0x0000000080000000, 0x0000000100000000)
  region size 1024K, 43 young (44032K), 1 survivors (1024K)
 Metaspace       used 97589K, capacity 100046K, committed 100300K, reserved 1136640K
  class space    used 12390K, capacity 13253K, committed 13312K, reserved 1048576K
}
Event: 124.712 GC heap after
{Heap after GC invocations=54 (full 0):
 garbage-first heap   total 249856K, used 152824K [0x0000000080000000, 0x0000000100000000)
  region size 1024K, 5 young (5120K), 5 survivors (5120K)
 Metaspace       used 97589K, capacity 100046K, committed 100300K, reserved 1136640K
  class space    used 12390K, capacity 13253K, committed 13312K, reserved 1048576K
}
Event: 134.414 GC heap before
{Heap before GC invocations=54 (full 0):
 garbage-first heap   total 249856K, used 194808K [0x0000000080000000, 0x0000000100000000)
  region size 1024K, 47 young (48128K), 5 survivors (5120K)
 Metaspace       used 98372K, capacity 100847K, committed 101196K, reserved 1136640K
  class space    used 12447K, capacity 13323K, committed 13440K, reserved 1048576K
}
Event: 134.435 GC heap after
{Heap after GC invocations=55 (full 0):
 garbage-first heap   total 249856K, used 152231K [0x0000000080000000, 0x0000000100000000)
  region size 1024K, 1 young (1024K), 1 survivors (1024K)
 Metaspace       used 98372K, capacity 100847K, committed 101196K, reserved 1136640K
  class space    used 12447K, capacity 13323K, committed 13440K, reserved 1048576K
}
Event: 142.149 GC heap before
{Heap before GC invocations=55 (full 0):
 garbage-first heap   total 249856K, used 200359K [0x0000000080000000, 0x0000000100000000)
  region size 1024K, 47 young (48128K), 1 survivors (1024K)
 Metaspace       used 105023K, capacity 107543K, committed 107724K, reserved 1142784K
  class space    used 13303K, capacity 14213K, committed 14336K, reserved 1048576K
}

