# JRE version: OpenJDK Runtime Environment (11.0.8+10) (build 11.0.8+10-b944.6842174)
# Java VM: OpenJDK 64-Bit Server VM (11.0.8+10-b944.6842174, mixed mode, tiered, compressed oops, g1 gc, windows-amd64)
Heap:
 garbage-first heap   total 484352K, used 159991K [0x0000000080000000, 0x0000000100000000)
  region size 1024K, 1 young (1024K), 1 survivors (1024K)
 Metaspace       used 151204K, capacity 156310K, committed 156544K, reserved 1185792K
  class space    used 18069K, capacity 19798K, committed 19840K, reserved 1048576K
GC Heap History (20 events):
Event: 10278.089 GC heap after
{Heap after GC invocations=427 (full 0):
 garbage-first heap   total 264192K, used 115322K [0x0000000080000000, 0x0000000100000000)
  region size 1024K, 1 young (1024K), 1 survivors (1024K)
 Metaspace       used 150005K, capacity 155061K, committed 155136K, reserved 1185792K
  class space    used 17983K, capacity 19693K, committed 19712K, reserved 1048576K
}
Event: 10279.199 GC heap before
{Heap before GC invocations=428 (full 0):
 garbage-first heap   total 264192K, used 185978K [0x0000000080000000, 0x0000000100000000)
  region size 1024K, 67 young (68608K), 1 survivors (1024K)
 Metaspace       used 150209K, capacity 155269K, committed 155520K, reserved 1185792K
  class space    used 18014K, capacity 19737K, committed 19840K, reserved 1048576K
}
Event: 10279.230 GC heap after
{Heap after GC invocations=429 (full 0):
 garbage-first heap   total 264192K, used 128076K [0x0000000080000000, 0x0000000100000000)
  region size 1024K, 9 young (9216K), 9 survivors (9216K)
 Metaspace       used 150209K, capacity 155269K, committed 155520K, reserved 1185792K
  class space    used 18014K, capacity 19737K, committed 19840K, reserved 1048576K
}
Event: 10280.421 GC heap before
{Heap before GC invocations=429 (full 0):
 garbage-first heap   total 264192K, used 191564K [0x0000000080000000, 0x0000000100000000)
  region size 1024K, 72 young (73728K), 9 survivors (9216K)
 Metaspace       used 150806K, capacity 155891K, committed 156032K, reserved 1185792K
  class space    used 18059K, capacity 19792K, committed 19840K, reserved 1048576K
}
Event: 10280.468 GC heap after
{Heap after GC invocations=430 (full 0):
 garbage-first heap   total 264192K, used 134133K [0x0000000080000000, 0x0000000100000000)
  region size 1024K, 7 young (7168K), 7 survivors (7168K)
 Metaspace       used 150806K, capacity 155891K, committed 156032K, reserved 1185792K
  class space    used 18059K, capacity 19792K, committed 19840K, reserved 1048576K
}
Event: 10281.196 GC heap before
{Heap before GC invocations=431 (full 0):
 garbage-first heap   total 264192K, used 196597K [0x0000000080000000, 0x0000000100000000)
  region size 1024K, 69 young (70656K), 7 survivors (7168K)
 Metaspace       used 150891K, capacity 155962K, committed 156032K, reserved 1185792K
  class space    used 18060K, capacity 19792K, committed 19840K, reserved 1048576K
}
Event: 10281.223 GC heap after
{Heap after GC invocations=432 (full 0):
 garbage-first heap   total 264192K, used 140465K [0x0000000080000000, 0x0000000100000000)
  region size 1024K, 8 young (8192K), 8 survivors (8192K)
 Metaspace       used 150891K, capacity 155962K, committed 156032K, reserved 1185792K
  class space    used 18060K, capacity 19792K, committed 19840K, reserved 1048576K
}
Event: 10281.240 GC heap before
{Heap before GC invocations=432 (full 0):
 garbage-first heap   total 264192K, used 144561K [0x0000000080000000, 0x0000000100000000)
  region size 1024K, 12 young (12288K), 8 survivors (8192K)
 Metaspace       used 150893K, capacity 155963K, committed 156032K, reserved 1185792K
  class space    used 18060K, capacity 19792K, committed 19840K, reserved 1048576K
}
Event: 10281.259 GC heap after
{Heap after GC invocations=433 (full 0):
 garbage-first heap   total 264192K, used 138426K [0x0000000080000000, 0x0000000100000000)
  region size 1024K, 2 young (2048K), 2 survivors (2048K)
 Metaspace       used 150893K, capacity 155963K, committed 156032K, reserved 1185792K
  class space    used 18060K, capacity 19792K, committed 19840K, reserved 1048576K
}
Event: 10281.676 GC heap before
{Heap before GC invocations=433 (full 0):
 garbage-first heap   total 264192K, used 200890K [0x0000000080000000, 0x0000000100000000)
  region size 1024K, 64 young (65536K), 2 survivors (2048K)
 Metaspace       used 151001K, capacity 156035K, committed 156288K, reserved 1185792K
  class space    used 18067K, capacity 19794K, committed 19840K, reserved 1048576K
}
Event: 10281.693 GC heap after
{Heap after GC invocations=434 (full 0):
 garbage-first heap   total 317440K, used 143720K [0x0000000080000000, 0x0000000100000000)
  region size 1024K, 7 young (7168K), 7 survivors (7168K)
 Metaspace       used 151001K, capacity 156035K, committed 156288K, reserved 1185792K
  class space    used 18067K, capacity 19794K, committed 19840K, reserved 1048576K
}
Event: 10282.689 GC heap before
{Heap before GC invocations=435 (full 0):
 garbage-first heap   total 317440K, used 231784K [0x0000000080000000, 0x0000000100000000)
  region size 1024K, 93 young (95232K), 7 survivors (7168K)
 Metaspace       used 151070K, capacity 156170K, committed 156288K, reserved 1185792K
  class space    used 18068K, capacity 19796K, committed 19840K, reserved 1048576K
}
Event: 10282.716 GC heap after
{Heap after GC invocations=436 (full 0):
 garbage-first heap   total 317440K, used 150077K [0x0000000080000000, 0x0000000100000000)
  region size 1024K, 10 young (10240K), 10 survivors (10240K)
 Metaspace       used 151070K, capacity 156170K, committed 156288K, reserved 1185792K
  class space    used 18068K, capacity 19796K, committed 19840K, reserved 1048576K
}
Event: 10283.224 GC heap before
{Heap before GC invocations=436 (full 0):
 garbage-first heap   total 317440K, used 245309K [0x0000000080000000, 0x0000000100000000)
  region size 1024K, 103 young (105472K), 10 survivors (10240K)
 Metaspace       used 151115K, capacity 156244K, committed 156288K, reserved 1185792K
  class space    used 18069K, capacity 19798K, committed 19840K, reserved 1048576K
}
Event: 10283.315 GC heap after
{Heap after GC invocations=437 (full 0):
 garbage-first heap   total 317440K, used 156226K [0x0000000080000000, 0x0000000100000000)
  region size 1024K, 7 young (7168K), 7 survivors (7168K)
 Metaspace       used 151115K, capacity 156244K, committed 156288K, reserved 1185792K
  class space    used 18069K, capacity 19798K, committed 19840K, reserved 1048576K
}
Event: 10284.087 GC heap before
{Heap before GC invocations=437 (full 0):
 garbage-first heap   total 317440K, used 250434K [0x0000000080000000, 0x0000000100000000)
  region size 1024K, 99 young (101376K), 7 survivors (7168K)
 Metaspace       used 151173K, capacity 156310K, committed 156544K, reserved 1185792K
  class space    used 18069K, capacity 19798K, committed 19840K, reserved 1048576K
}
Event: 10284.116 GC heap after
{Heap after GC invocations=438 (full 0):
 garbage-first heap   total 317440K, used 158955K [0x0000000080000000, 0x0000000100000000)
  region size 1024K, 10 young (10240K), 10 survivors (10240K)
 Metaspace       used 151173K, capacity 156310K, committed 156544K, reserved 1185792K
  class space    used 18069K, capacity 19798K, committed 19840K, reserved 1048576K
}
Event: 10284.642 GC heap before
{Heap before GC invocations=439 (full 0):
 garbage-first heap   total 317440K, used 256235K [0x0000000080000000, 0x0000000100000000)
  region size 1024K, 105 young (107520K), 10 survivors (10240K)
 Metaspace       used 151202K, capacity 156310K, committed 156544K, reserved 1185792K
  class space    used 18069K, capacity 19798K, committed 19840K, reserved 1048576K
}
Event: 10284.674 GC heap after
{Heap after GC invocations=440 (full 0):
 garbage-first heap   total 317440K, used 160412K [0x0000000080000000, 0x0000000100000000)
  region size 1024K, 5 young (5120K), 5 survivors (5120K)
 Metaspace       used 151202K, capacity 156310K, committed 156544K, reserved 1185792K
  class space    used 18069K, capacity 19798K, committed 19840K, reserved 1048576K
}
Event: 10284.710 GC heap before
{Heap before GC invocations=440 (full 0):
 garbage-first heap   total 317440K, used 170652K [0x0000000080000000, 0x0000000100000000)
  region size 1024K, 15 young (15360K), 5 survivors (5120K)
 Metaspace       used 151204K, capacity 156310K, committed 156544K, reserved 1185792K
  class space    used 18069K, capacity 19798K, committed 19840K, reserved 1048576K
}

