# JRE version: OpenJDK Runtime Environment (11.0.8+10) (build 11.0.8+10-b944.6842174)
# Java VM: OpenJDK 64-Bit Server VM (11.0.8+10-b944.6842174, mixed mode, tiered, compressed oops, g1 gc, windows-amd64)
Heap:
 garbage-first heap   total 465920K, used 330752K [0x0000000080000000, 0x0000000100000000)
  region size 1024K, 92 young (94208K), 3 survivors (3072K)
 Metaspace       used 119952K, capacity 123388K, committed 123592K, reserved 1157120K
  class space    used 14933K, capacity 16089K, committed 16152K, reserved 1048576K
GC Heap History (20 events):
Event: 546.594 GC heap before
{Heap before GC invocations=85 (full 0):
 garbage-first heap   total 388096K, used 332635K [0x0000000080000000, 0x0000000100000000)
  region size 1024K, 180 young (184320K), 15 survivors (15360K)
 Metaspace       used 113993K, capacity 117082K, committed 117192K, reserved 1150976K
  class space    used 14309K, capacity 15336K, committed 15384K, reserved 1048576K
}
Event: 546.645 GC heap after
{Heap after GC invocations=86 (full 0):
 garbage-first heap   total 388096K, used 167936K [0x0000000080000000, 0x0000000100000000)
  region size 1024K, 16 young (16384K), 16 survivors (16384K)
 Metaspace       used 113993K, capacity 117082K, committed 117192K, reserved 1150976K
  class space    used 14309K, capacity 15336K, committed 15384K, reserved 1048576K
}
Event: 550.306 GC heap before
{Heap before GC invocations=86 (full 0):
 garbage-first heap   total 388096K, used 332800K [0x0000000080000000, 0x0000000100000000)
  region size 1024K, 177 young (181248K), 16 survivors (16384K)
 Metaspace       used 114162K, capacity 117253K, committed 117576K, reserved 1150976K
  class space    used 14335K, capacity 15372K, committed 15512K, reserved 1048576K
}
Event: 550.354 GC heap after
{Heap after GC invocations=87 (full 0):
 garbage-first heap   total 388096K, used 168756K [0x0000000080000000, 0x0000000100000000)
  region size 1024K, 13 young (13312K), 13 survivors (13312K)
 Metaspace       used 114162K, capacity 117253K, committed 117576K, reserved 1150976K
  class space    used 14335K, capacity 15372K, committed 15512K, reserved 1048576K
}
Event: 552.391 GC heap before
{Heap before GC invocations=87 (full 0):
 garbage-first heap   total 388096K, used 334644K [0x0000000080000000, 0x0000000100000000)
  region size 1024K, 175 young (179200K), 13 survivors (13312K)
 Metaspace       used 114197K, capacity 117318K, committed 117576K, reserved 1150976K
  class space    used 14335K, capacity 15372K, committed 15512K, reserved 1048576K
}
Event: 552.437 GC heap after
{Heap after GC invocations=88 (full 0):
 garbage-first heap   total 456704K, used 172232K [0x0000000080000000, 0x0000000100000000)
  region size 1024K, 14 young (14336K), 14 survivors (14336K)
 Metaspace       used 114197K, capacity 117318K, committed 117576K, reserved 1150976K
  class space    used 14335K, capacity 15372K, committed 15512K, reserved 1048576K
}
Event: 555.343 GC heap before
{Heap before GC invocations=88 (full 0):
 garbage-first heap   total 456704K, used 385224K [0x0000000080000000, 0x0000000100000000)
  region size 1024K, 222 young (227328K), 14 survivors (14336K)
 Metaspace       used 114202K, capacity 117318K, committed 117576K, reserved 1150976K
  class space    used 14335K, capacity 15372K, committed 15512K, reserved 1048576K
}
Event: 555.391 GC heap after
{Heap after GC invocations=89 (full 0):
 garbage-first heap   total 456704K, used 173768K [0x0000000080000000, 0x0000000100000000)
  region size 1024K, 15 young (15360K), 15 survivors (15360K)
 Metaspace       used 114202K, capacity 117318K, committed 117576K, reserved 1150976K
  class space    used 14335K, capacity 15372K, committed 15512K, reserved 1048576K
}
Event: 559.443 GC heap before
{Heap before GC invocations=89 (full 0):
 garbage-first heap   total 456704K, used 392904K [0x0000000080000000, 0x0000000100000000)
  region size 1024K, 230 young (235520K), 15 survivors (15360K)
 Metaspace       used 115490K, capacity 118722K, committed 118984K, reserved 1153024K
  class space    used 14506K, capacity 15599K, committed 15640K, reserved 1048576K
}
Event: 559.511 GC heap after
{Heap after GC invocations=90 (full 0):
 garbage-first heap   total 456704K, used 178888K [0x0000000080000000, 0x0000000100000000)
  region size 1024K, 20 young (20480K), 20 survivors (20480K)
 Metaspace       used 115490K, capacity 118722K, committed 118984K, reserved 1153024K
  class space    used 14506K, capacity 15599K, committed 15640K, reserved 1048576K
}
Event: 563.135 GC heap before
{Heap before GC invocations=90 (full 0):
 garbage-first heap   total 456704K, used 391880K [0x0000000080000000, 0x0000000100000000)
  region size 1024K, 226 young (231424K), 20 survivors (20480K)
 Metaspace       used 116014K, capacity 119354K, committed 119624K, reserved 1153024K
  class space    used 14554K, capacity 15683K, committed 15768K, reserved 1048576K
}
Event: 563.193 GC heap after
{Heap after GC invocations=91 (full 0):
 garbage-first heap   total 456704K, used 177521K [0x0000000080000000, 0x0000000100000000)
  region size 1024K, 13 young (13312K), 13 survivors (13312K)
 Metaspace       used 116014K, capacity 119354K, committed 119624K, reserved 1153024K
  class space    used 14554K, capacity 15683K, committed 15768K, reserved 1048576K
}
Event: 568.050 GC heap before
{Heap before GC invocations=91 (full 0):
 garbage-first heap   total 456704K, used 413041K [0x0000000080000000, 0x0000000100000000)
  region size 1024K, 227 young (232448K), 13 survivors (13312K)
 Metaspace       used 117606K, capacity 120905K, committed 121032K, reserved 1155072K
  class space    used 14679K, capacity 15786K, committed 15896K, reserved 1048576K
}
Event: 568.217 GC heap after
{Heap after GC invocations=92 (full 0):
 garbage-first heap   total 465920K, used 218752K [0x0000000080000000, 0x0000000100000000)
  region size 1024K, 29 young (29696K), 29 survivors (29696K)
 Metaspace       used 117606K, capacity 120905K, committed 121032K, reserved 1155072K
  class space    used 14679K, capacity 15786K, committed 15896K, reserved 1048576K
}
Event: 569.219 GC heap before
{Heap before GC invocations=92 (full 0):
 garbage-first heap   total 465920K, used 256640K [0x0000000080000000, 0x0000000100000000)
  region size 1024K, 65 young (66560K), 29 survivors (29696K)
 Metaspace       used 117796K, capacity 121154K, committed 121288K, reserved 1155072K
  class space    used 14706K, capacity 15828K, committed 15896K, reserved 1048576K
}
Event: 569.349 GC heap after
{Heap after GC invocations=93 (full 0):
 garbage-first heap   total 465920K, used 225280K [0x0000000080000000, 0x0000000100000000)
  region size 1024K, 4 young (4096K), 4 survivors (4096K)
 Metaspace       used 117796K, capacity 121154K, committed 121288K, reserved 1155072K
  class space    used 14706K, capacity 15828K, committed 15896K, reserved 1048576K
}
Event: 570.936 GC heap before
{Heap before GC invocations=93 (full 0):
 garbage-first heap   total 465920K, used 335872K [0x0000000080000000, 0x0000000100000000)
  region size 1024K, 102 young (104448K), 4 survivors (4096K)
 Metaspace       used 118333K, capacity 121707K, committed 121928K, reserved 1155072K
  class space    used 14773K, capacity 15907K, committed 16024K, reserved 1048576K
}
Event: 570.983 GC heap after
{Heap after GC invocations=94 (full 0):
 garbage-first heap   total 465920K, used 249600K [0x0000000080000000, 0x0000000100000000)
  region size 1024K, 13 young (13312K), 13 survivors (13312K)
 Metaspace       used 118333K, capacity 121707K, committed 121928K, reserved 1155072K
  class space    used 14773K, capacity 15907K, committed 16024K, reserved 1048576K
}
Event: 578.599 GC heap before
{Heap before GC invocations=94 (full 0):
 garbage-first heap   total 465920K, used 342784K [0x0000000080000000, 0x0000000100000000)
  region size 1024K, 105 young (107520K), 13 survivors (13312K)
 Metaspace       used 119651K, capacity 123007K, committed 123336K, reserved 1157120K
  class space    used 14893K, capacity 16041K, committed 16152K, reserved 1048576K
}
Event: 578.632 GC heap after
{Heap after GC invocations=95 (full 0):
 garbage-first heap   total 465920K, used 239616K [0x0000000080000000, 0x0000000100000000)
  region size 1024K, 3 young (3072K), 3 survivors (3072K)
 Metaspace       used 119651K, capacity 123007K, committed 123336K, reserved 1157120K
  class space    used 14893K, capacity 16041K, committed 16152K, reserved 1048576K
}

