# JRE version: OpenJDK Runtime Environment (11.0.8+10) (build 11.0.8+10-b944.6842174)
# Java VM: OpenJDK 64-Bit Server VM (11.0.8+10-b944.6842174, mixed mode, tiered, compressed oops, g1 gc, windows-amd64)
Heap:
 garbage-first heap   total 377856K, used 286363K [0x0000000080000000, 0x0000000100000000)
  region size 1024K, 117 young (119808K), 11 survivors (11264K)
 Metaspace       used 130217K, capacity 133766K, committed 133916K, reserved 1165312K
  class space    used 15964K, capacity 17162K, committed 17280K, reserved 1048576K
GC Heap History (20 events):
Event: 309.953 GC heap before
{Heap before GC invocations=110 (full 0):
 garbage-first heap   total 261120K, used 162242K [0x0000000080000000, 0x0000000100000000)
  region size 1024K, 12 young (12288K), 4 survivors (4096K)
 Metaspace       used 126620K, capacity 130064K, committed 130204K, reserved 1163264K
  class space    used 15663K, capacity 16807K, committed 16896K, reserved 1048576K
}
Event: 310.001 GC heap after
{Heap after GC invocations=111 (full 0):
 garbage-first heap   total 261120K, used 154563K [0x0000000080000000, 0x0000000100000000)
  region size 1024K, 2 young (2048K), 2 survivors (2048K)
 Metaspace       used 126620K, capacity 130064K, committed 130204K, reserved 1163264K
  class space    used 15663K, capacity 16807K, committed 16896K, reserved 1048576K
}
Event: 311.980 GC heap before
{Heap before GC invocations=111 (full 0):
 garbage-first heap   total 261120K, used 198595K [0x0000000080000000, 0x0000000100000000)
  region size 1024K, 45 young (46080K), 2 survivors (2048K)
 Metaspace       used 127640K, capacity 131056K, committed 131228K, reserved 1163264K
  class space    used 15732K, capacity 16875K, committed 16896K, reserved 1048576K
}
Event: 312.027 GC heap after
{Heap after GC invocations=112 (full 0):
 garbage-first heap   total 261120K, used 159114K [0x0000000080000000, 0x0000000100000000)
  region size 1024K, 6 young (6144K), 6 survivors (6144K)
 Metaspace       used 127640K, capacity 131056K, committed 131228K, reserved 1163264K
  class space    used 15732K, capacity 16875K, committed 16896K, reserved 1048576K
}
Event: 313.697 GC heap before
{Heap before GC invocations=112 (full 0):
 garbage-first heap   total 261120K, used 204170K [0x0000000080000000, 0x0000000100000000)
  region size 1024K, 50 young (51200K), 6 survivors (6144K)
 Metaspace       used 128092K, capacity 131548K, committed 131868K, reserved 1165312K
  class space    used 15759K, capacity 16909K, committed 17024K, reserved 1048576K
}
Event: 313.743 GC heap after
{Heap after GC invocations=113 (full 0):
 garbage-first heap   total 261120K, used 162002K [0x0000000080000000, 0x0000000100000000)
  region size 1024K, 4 young (4096K), 4 survivors (4096K)
 Metaspace       used 128092K, capacity 131548K, committed 131868K, reserved 1165312K
  class space    used 15759K, capacity 16909K, committed 17024K, reserved 1048576K
}
Event: 314.968 GC heap before
{Heap before GC invocations=113 (full 0):
 garbage-first heap   total 261120K, used 207058K [0x0000000080000000, 0x0000000100000000)
  region size 1024K, 48 young (49152K), 4 survivors (4096K)
 Metaspace       used 128252K, capacity 131757K, committed 132124K, reserved 1165312K
  class space    used 15760K, capacity 16911K, committed 17024K, reserved 1048576K
}
Event: 315.008 GC heap after
{Heap after GC invocations=114 (full 0):
 garbage-first heap   total 314368K, used 162962K [0x0000000080000000, 0x0000000100000000)
  region size 1024K, 5 young (5120K), 5 survivors (5120K)
 Metaspace       used 128252K, capacity 131757K, committed 132124K, reserved 1165312K
  class space    used 15760K, capacity 16911K, committed 17024K, reserved 1048576K
}
Event: 319.917 GC heap before
{Heap before GC invocations=115 (full 0):
 garbage-first heap   total 314368K, used 232594K [0x0000000080000000, 0x0000000100000000)
  region size 1024K, 73 young (74752K), 5 survivors (5120K)
 Metaspace       used 128634K, capacity 132101K, committed 132380K, reserved 1165312K
  class space    used 15770K, capacity 16935K, committed 17024K, reserved 1048576K
}
Event: 319.970 GC heap after
{Heap after GC invocations=116 (full 0):
 garbage-first heap   total 314368K, used 164207K [0x0000000080000000, 0x0000000100000000)
  region size 1024K, 6 young (6144K), 6 survivors (6144K)
 Metaspace       used 128634K, capacity 132101K, committed 132380K, reserved 1165312K
  class space    used 15770K, capacity 16935K, committed 17024K, reserved 1048576K
}
Event: 322.093 GC heap before
{Heap before GC invocations=116 (full 0):
 garbage-first heap   total 314368K, used 238959K [0x0000000080000000, 0x0000000100000000)
  region size 1024K, 79 young (80896K), 6 survivors (6144K)
 Metaspace       used 129512K, capacity 132993K, committed 133276K, reserved 1165312K
  class space    used 15888K, capacity 17062K, committed 17152K, reserved 1048576K
}
Event: 322.160 GC heap after
{Heap after GC invocations=117 (full 0):
 garbage-first heap   total 314368K, used 166094K [0x0000000080000000, 0x0000000100000000)
  region size 1024K, 5 young (5120K), 5 survivors (5120K)
 Metaspace       used 129512K, capacity 132993K, committed 133276K, reserved 1165312K
  class space    used 15888K, capacity 17062K, committed 17152K, reserved 1048576K
}
Event: 323.678 GC heap before
{Heap before GC invocations=117 (full 0):
 garbage-first heap   total 314368K, used 244942K [0x0000000080000000, 0x0000000100000000)
  region size 1024K, 83 young (84992K), 5 survivors (5120K)
 Metaspace       used 130044K, capacity 133596K, committed 133916K, reserved 1165312K
  class space    used 15950K, capacity 17153K, committed 17280K, reserved 1048576K
}
Event: 323.734 GC heap after
{Heap after GC invocations=118 (full 0):
 garbage-first heap   total 314368K, used 168677K [0x0000000080000000, 0x0000000100000000)
  region size 1024K, 8 young (8192K), 8 survivors (8192K)
 Metaspace       used 130044K, capacity 133596K, committed 133916K, reserved 1165312K
  class space    used 15950K, capacity 17153K, committed 17280K, reserved 1048576K
}
Event: 324.846 GC heap before
{Heap before GC invocations=118 (full 0):
 garbage-first heap   total 314368K, used 249573K [0x0000000080000000, 0x0000000100000000)
  region size 1024K, 88 young (90112K), 8 survivors (8192K)
 Metaspace       used 130092K, capacity 133665K, committed 133916K, reserved 1165312K
  class space    used 15950K, capacity 17153K, committed 17280K, reserved 1048576K
}
Event: 324.931 GC heap after
{Heap after GC invocations=119 (full 0):
 garbage-first heap   total 377856K, used 174307K [0x0000000080000000, 0x0000000100000000)
  region size 1024K, 11 young (11264K), 11 survivors (11264K)
 Metaspace       used 130092K, capacity 133665K, committed 133916K, reserved 1165312K
  class space    used 15950K, capacity 17153K, committed 17280K, reserved 1048576K
}
Event: 326.679 GC heap before
{Heap before GC invocations=119 (full 0):
 garbage-first heap   total 377856K, used 292067K [0x0000000080000000, 0x0000000100000000)
  region size 1024K, 126 young (129024K), 11 survivors (11264K)
 Metaspace       used 130131K, capacity 133680K, committed 133916K, reserved 1165312K
  class space    used 15954K, capacity 17156K, committed 17280K, reserved 1048576K
}
Event: 326.757 GC heap after
{Heap after GC invocations=120 (full 0):
 garbage-first heap   total 377856K, used 177251K [0x0000000080000000, 0x0000000100000000)
  region size 1024K, 10 young (10240K), 10 survivors (10240K)
 Metaspace       used 130131K, capacity 133680K, committed 133916K, reserved 1165312K
  class space    used 15954K, capacity 17156K, committed 17280K, reserved 1048576K
}
Event: 328.591 GC heap before
{Heap before GC invocations=120 (full 0):
 garbage-first heap   total 377856K, used 306275K [0x0000000080000000, 0x0000000100000000)
  region size 1024K, 136 young (139264K), 10 survivors (10240K)
 Metaspace       used 130184K, capacity 133766K, committed 133916K, reserved 1165312K
  class space    used 15960K, capacity 17162K, committed 17280K, reserved 1048576K
}
Event: 328.655 GC heap after
{Heap after GC invocations=121 (full 0):
 garbage-first heap   total 377856K, used 178843K [0x0000000080000000, 0x0000000100000000)
  region size 1024K, 11 young (11264K), 11 survivors (11264K)
 Metaspace       used 130184K, capacity 133766K, committed 133916K, reserved 1165312K
  class space    used 15960K, capacity 17162K, committed 17280K, reserved 1048576K
}

