# JRE version: OpenJDK Runtime Environment (11.0.8+10) (build 11.0.8+10-b944.6842174)
# Java VM: OpenJDK 64-Bit Server VM (11.0.8+10-b944.6842174, mixed mode, tiered, compressed oops, g1 gc, windows-amd64)
Heap:
 garbage-first heap   total 541696K, used 152435K [0x0000000080000000, 0x0000000100000000)
  region size 1024K, 19 young (19456K), 19 survivors (19456K)
 Metaspace       used 88812K, capacity 91053K, committed 91212K, reserved 1128448K
  class space    used 11428K, capacity 12291K, committed 12416K, reserved 1048576K
GC Heap History (20 events):
Event: 70.082 GC heap after
{Heap after GC invocations=42 (full 0):
 garbage-first heap   total 289792K, used 122868K [0x0000000080000000, 0x0000000100000000)
  region size 1024K, 12 young (12288K), 12 survivors (12288K)
 Metaspace       used 88233K, capacity 90572K, committed 90828K, reserved 1128448K
  class space    used 11391K, capacity 12274K, committed 12288K, reserved 1048576K
}
Event: 71.538 GC heap before
{Heap before GC invocations=42 (full 0):
 garbage-first heap   total 289792K, used 232436K [0x0000000080000000, 0x0000000100000000)
  region size 1024K, 119 young (121856K), 12 survivors (12288K)
 Metaspace       used 88279K, capacity 90598K, committed 90828K, reserved 1128448K
  class space    used 11395K, capacity 12279K, committed 12288K, reserved 1048576K
}
Event: 71.654 GC heap after
{Heap after GC invocations=43 (full 0):
 garbage-first heap   total 289792K, used 127399K [0x0000000080000000, 0x0000000100000000)
  region size 1024K, 12 young (12288K), 12 survivors (12288K)
 Metaspace       used 88279K, capacity 90598K, committed 90828K, reserved 1128448K
  class space    used 11395K, capacity 12279K, committed 12288K, reserved 1048576K
}
Event: 73.151 GC heap before
{Heap before GC invocations=43 (full 0):
 garbage-first heap   total 289792K, used 234919K [0x0000000080000000, 0x0000000100000000)
  region size 1024K, 117 young (119808K), 12 survivors (12288K)
 Metaspace       used 88318K, capacity 90608K, committed 90828K, reserved 1128448K
  class space    used 11399K, capacity 12281K, committed 12288K, reserved 1048576K
}
Event: 73.243 GC heap after
{Heap after GC invocations=44 (full 0):
 garbage-first heap   total 351232K, used 128774K [0x0000000080000000, 0x0000000100000000)
  region size 1024K, 10 young (10240K), 10 survivors (10240K)
 Metaspace       used 88318K, capacity 90608K, committed 90828K, reserved 1128448K
  class space    used 11399K, capacity 12281K, committed 12288K, reserved 1048576K
}
Event: 75.159 GC heap before
{Heap before GC invocations=44 (full 0):
 garbage-first heap   total 351232K, used 273158K [0x0000000080000000, 0x0000000100000000)
  region size 1024K, 151 young (154624K), 10 survivors (10240K)
 Metaspace       used 88342K, capacity 90684K, committed 90828K, reserved 1128448K
  class space    used 11401K, capacity 12285K, committed 12288K, reserved 1048576K
}
Event: 75.242 GC heap after
{Heap after GC invocations=45 (full 0):
 garbage-first heap   total 351232K, used 130769K [0x0000000080000000, 0x0000000100000000)
  region size 1024K, 12 young (12288K), 12 survivors (12288K)
 Metaspace       used 88342K, capacity 90684K, committed 90828K, reserved 1128448K
  class space    used 11401K, capacity 12285K, committed 12288K, reserved 1048576K
}
Event: 77.502 GC heap before
{Heap before GC invocations=45 (full 0):
 garbage-first heap   total 351232K, used 285393K [0x0000000080000000, 0x0000000100000000)
  region size 1024K, 163 young (166912K), 12 survivors (12288K)
 Metaspace       used 88375K, capacity 90684K, committed 90828K, reserved 1128448K
  class space    used 11401K, capacity 12285K, committed 12288K, reserved 1048576K
}
Event: 77.614 GC heap after
{Heap after GC invocations=46 (full 0):
 garbage-first heap   total 351232K, used 132334K [0x0000000080000000, 0x0000000100000000)
  region size 1024K, 13 young (13312K), 13 survivors (13312K)
 Metaspace       used 88375K, capacity 90684K, committed 90828K, reserved 1128448K
  class space    used 11401K, capacity 12285K, committed 12288K, reserved 1048576K
}
Event: 79.939 GC heap before
{Heap before GC invocations=46 (full 0):
 garbage-first heap   total 351232K, used 293102K [0x0000000080000000, 0x0000000100000000)
  region size 1024K, 170 young (174080K), 13 survivors (13312K)
 Metaspace       used 88400K, capacity 90748K, committed 90828K, reserved 1128448K
  class space    used 11403K, capacity 12285K, committed 12288K, reserved 1048576K
}
Event: 80.049 GC heap after
{Heap after GC invocations=47 (full 0):
 garbage-first heap   total 351232K, used 134646K [0x0000000080000000, 0x0000000100000000)
  region size 1024K, 10 young (10240K), 10 survivors (10240K)
 Metaspace       used 88400K, capacity 90748K, committed 90828K, reserved 1128448K
  class space    used 11403K, capacity 12285K, committed 12288K, reserved 1048576K
}
Event: 82.371 GC heap before
{Heap before GC invocations=47 (full 0):
 garbage-first heap   total 351232K, used 295414K [0x0000000080000000, 0x0000000100000000)
  region size 1024K, 167 young (171008K), 10 survivors (10240K)
 Metaspace       used 88564K, capacity 90832K, committed 91084K, reserved 1128448K
  class space    used 11407K, capacity 12285K, committed 12288K, reserved 1048576K
}
Event: 82.499 GC heap after
{Heap after GC invocations=48 (full 0):
 garbage-first heap   total 444416K, used 140776K [0x0000000080000000, 0x0000000100000000)
  region size 1024K, 16 young (16384K), 16 survivors (16384K)
 Metaspace       used 88564K, capacity 90832K, committed 91084K, reserved 1128448K
  class space    used 11407K, capacity 12285K, committed 12288K, reserved 1048576K
}
Event: 84.878 GC heap before
{Heap before GC invocations=48 (full 0):
 garbage-first heap   total 444416K, used 309736K [0x0000000080000000, 0x0000000100000000)
  region size 1024K, 181 young (185344K), 16 survivors (16384K)
 Metaspace       used 88607K, capacity 90902K, committed 91084K, reserved 1128448K
  class space    used 11407K, capacity 12285K, committed 12288K, reserved 1048576K
}
Event: 84.988 GC heap after
{Heap after GC invocations=49 (full 0):
 garbage-first heap   total 444416K, used 140293K [0x0000000080000000, 0x0000000100000000)
  region size 1024K, 12 young (12288K), 12 survivors (12288K)
 Metaspace       used 88607K, capacity 90902K, committed 91084K, reserved 1128448K
  class space    used 11407K, capacity 12285K, committed 12288K, reserved 1048576K
}
Event: 88.122 GC heap before
{Heap before GC invocations=49 (full 0):
 garbage-first heap   total 444416K, used 375813K [0x0000000080000000, 0x0000000100000000)
  region size 1024K, 242 young (247808K), 12 survivors (12288K)
 Metaspace       used 88639K, capacity 90905K, committed 91084K, reserved 1128448K
  class space    used 11409K, capacity 12285K, committed 12288K, reserved 1048576K
}
Event: 88.229 GC heap after
{Heap after GC invocations=50 (full 0):
 garbage-first heap   total 444416K, used 143877K [0x0000000080000000, 0x0000000100000000)
  region size 1024K, 15 young (15360K), 15 survivors (15360K)
 Metaspace       used 88639K, capacity 90905K, committed 91084K, reserved 1128448K
  class space    used 11409K, capacity 12285K, committed 12288K, reserved 1048576K
}
Event: 90.933 GC heap before
{Heap before GC invocations=50 (full 0):
 garbage-first heap   total 444416K, used 375301K [0x0000000080000000, 0x0000000100000000)
  region size 1024K, 241 young (246784K), 15 survivors (15360K)
 Metaspace       used 88687K, capacity 90969K, committed 91084K, reserved 1128448K
  class space    used 11413K, capacity 12285K, committed 12288K, reserved 1048576K
}
Event: 91.074 GC heap after
{Heap after GC invocations=51 (full 0):
 garbage-first heap   total 444416K, used 148997K [0x0000000080000000, 0x0000000100000000)
  region size 1024K, 20 young (20480K), 20 survivors (20480K)
 Metaspace       used 88687K, capacity 90969K, committed 91084K, reserved 1128448K
  class space    used 11413K, capacity 12285K, committed 12288K, reserved 1048576K
}
Event: 94.122 GC heap before
{Heap before GC invocations=51 (full 0):
 garbage-first heap   total 444416K, used 376325K [0x0000000080000000, 0x0000000100000000)
  region size 1024K, 242 young (247808K), 20 survivors (20480K)
 Metaspace       used 88812K, capacity 91053K, committed 91212K, reserved 1128448K
  class space    used 11428K, capacity 12291K, committed 12416K, reserved 1048576K
}

