# JRE version: OpenJDK Runtime Environment (11.0.8+10) (build 11.0.8+10-b944.6842174)
# Java VM: OpenJDK 64-Bit Server VM (11.0.8+10-b944.6842174, mixed mode, tiered, compressed oops, g1 gc, windows-amd64)
Heap:
 garbage-first heap   total 526336K, used 153657K [0x0000000080000000, 0x0000000100000000)
  region size 1024K, 15 young (15360K), 15 survivors (15360K)
 Metaspace       used 95011K, capacity 97260K, committed 97536K, reserved 1134592K
  class space    used 12111K, capacity 12926K, committed 13056K, reserved 1048576K
GC Heap History (20 events):
Event: 96.822 GC heap after
{Heap after GC invocations=49 (full 0):
 garbage-first heap   total 270336K, used 122562K [0x0000000080000000, 0x0000000100000000)
  region size 1024K, 9 young (9216K), 9 survivors (9216K)
 Metaspace       used 93557K, capacity 95793K, committed 96128K, reserved 1132544K
  class space    used 11974K, capacity 12784K, committed 12928K, reserved 1048576K
}
Event: 98.599 GC heap before
{Heap before GC invocations=49 (full 0):
 garbage-first heap   total 270336K, used 224962K [0x0000000080000000, 0x0000000100000000)
  region size 1024K, 109 young (111616K), 9 survivors (9216K)
 Metaspace       used 93609K, capacity 95947K, committed 96128K, reserved 1132544K
  class space    used 11978K, capacity 12790K, committed 12928K, reserved 1048576K
}
Event: 98.678 GC heap after
{Heap after GC invocations=50 (full 0):
 garbage-first heap   total 270336K, used 125657K [0x0000000080000000, 0x0000000100000000)
  region size 1024K, 10 young (10240K), 10 survivors (10240K)
 Metaspace       used 93609K, capacity 95947K, committed 96128K, reserved 1132544K
  class space    used 11978K, capacity 12790K, committed 12928K, reserved 1048576K
}
Event: 100.318 GC heap before
{Heap before GC invocations=50 (full 0):
 garbage-first heap   total 270336K, used 227033K [0x0000000080000000, 0x0000000100000000)
  region size 1024K, 109 young (111616K), 10 survivors (10240K)
 Metaspace       used 94133K, capacity 96462K, committed 96640K, reserved 1132544K
  class space    used 12033K, capacity 12855K, committed 12928K, reserved 1048576K
}
Event: 100.418 GC heap after
{Heap after GC invocations=51 (full 0):
 garbage-first heap   total 324608K, used 129398K [0x0000000080000000, 0x0000000100000000)
  region size 1024K, 10 young (10240K), 10 survivors (10240K)
 Metaspace       used 94133K, capacity 96462K, committed 96640K, reserved 1132544K
  class space    used 12033K, capacity 12855K, committed 12928K, reserved 1048576K
}
Event: 102.258 GC heap before
{Heap before GC invocations=51 (full 0):
 garbage-first heap   total 324608K, used 247158K [0x0000000080000000, 0x0000000100000000)
  region size 1024K, 125 young (128000K), 10 survivors (10240K)
 Metaspace       used 94620K, capacity 96879K, committed 97152K, reserved 1134592K
  class space    used 12075K, capacity 12887K, committed 12928K, reserved 1048576K
}
Event: 102.361 GC heap after
{Heap after GC invocations=52 (full 0):
 garbage-first heap   total 324608K, used 132271K [0x0000000080000000, 0x0000000100000000)
  region size 1024K, 10 young (10240K), 10 survivors (10240K)
 Metaspace       used 94620K, capacity 96879K, committed 97152K, reserved 1134592K
  class space    used 12075K, capacity 12887K, committed 12928K, reserved 1048576K
}
Event: 104.360 GC heap before
{Heap before GC invocations=52 (full 0):
 garbage-first heap   total 324608K, used 257199K [0x0000000080000000, 0x0000000100000000)
  region size 1024K, 133 young (136192K), 10 survivors (10240K)
 Metaspace       used 94766K, capacity 97007K, committed 97152K, reserved 1134592K
  class space    used 12084K, capacity 12887K, committed 12928K, reserved 1048576K
}
Event: 104.446 GC heap after
{Heap after GC invocations=53 (full 0):
 garbage-first heap   total 324608K, used 132835K [0x0000000080000000, 0x0000000100000000)
  region size 1024K, 10 young (10240K), 10 survivors (10240K)
 Metaspace       used 94766K, capacity 97007K, committed 97152K, reserved 1134592K
  class space    used 12084K, capacity 12887K, committed 12928K, reserved 1048576K
}
Event: 106.381 GC heap before
{Heap before GC invocations=53 (full 0):
 garbage-first heap   total 324608K, used 273123K [0x0000000080000000, 0x0000000100000000)
  region size 1024K, 147 young (150528K), 10 survivors (10240K)
 Metaspace       used 94787K, capacity 97013K, committed 97152K, reserved 1134592K
  class space    used 12084K, capacity 12888K, committed 12928K, reserved 1048576K
}
Event: 106.474 GC heap after
{Heap after GC invocations=54 (full 0):
 garbage-first heap   total 324608K, used 140923K [0x0000000080000000, 0x0000000100000000)
  region size 1024K, 18 young (18432K), 18 survivors (18432K)
 Metaspace       used 94787K, capacity 97013K, committed 97152K, reserved 1134592K
  class space    used 12084K, capacity 12888K, committed 12928K, reserved 1048576K
}
Event: 108.085 GC heap before
{Heap before GC invocations=54 (full 0):
 garbage-first heap   total 324608K, used 269947K [0x0000000080000000, 0x0000000100000000)
  region size 1024K, 144 young (147456K), 18 survivors (18432K)
 Metaspace       used 94813K, capacity 97089K, committed 97152K, reserved 1134592K
  class space    used 12085K, capacity 12890K, committed 12928K, reserved 1048576K
}
Event: 108.240 GC heap after
{Heap after GC invocations=55 (full 0):
 garbage-first heap   total 415744K, used 142523K [0x0000000080000000, 0x0000000100000000)
  region size 1024K, 11 young (11264K), 11 survivors (11264K)
 Metaspace       used 94813K, capacity 97089K, committed 97152K, reserved 1134592K
  class space    used 12085K, capacity 12890K, committed 12928K, reserved 1048576K
}
Event: 110.730 GC heap before
{Heap before GC invocations=55 (full 0):
 garbage-first heap   total 415744K, used 323771K [0x0000000080000000, 0x0000000100000000)
  region size 1024K, 188 young (192512K), 11 survivors (11264K)
 Metaspace       used 94840K, capacity 97089K, committed 97152K, reserved 1134592K
  class space    used 12085K, capacity 12890K, committed 12928K, reserved 1048576K
}
Event: 110.809 GC heap after
{Heap after GC invocations=56 (full 0):
 garbage-first heap   total 415744K, used 144571K [0x0000000080000000, 0x0000000100000000)
  region size 1024K, 13 young (13312K), 13 survivors (13312K)
 Metaspace       used 94840K, capacity 97089K, committed 97152K, reserved 1134592K
  class space    used 12085K, capacity 12890K, committed 12928K, reserved 1048576K
}
Event: 113.377 GC heap before
{Heap before GC invocations=56 (full 0):
 garbage-first heap   total 415744K, used 351419K [0x0000000080000000, 0x0000000100000000)
  region size 1024K, 215 young (220160K), 13 survivors (13312K)
 Metaspace       used 94849K, capacity 97089K, committed 97152K, reserved 1134592K
  class space    used 12085K, capacity 12890K, committed 12928K, reserved 1048576K
}
Event: 113.472 GC heap after
{Heap after GC invocations=57 (full 0):
 garbage-first heap   total 415744K, used 147643K [0x0000000080000000, 0x0000000100000000)
  region size 1024K, 16 young (16384K), 16 survivors (16384K)
 Metaspace       used 94849K, capacity 97089K, committed 97152K, reserved 1134592K
  class space    used 12085K, capacity 12890K, committed 12928K, reserved 1048576K
}
Event: 116.116 GC heap before
{Heap before GC invocations=57 (full 0):
 garbage-first heap   total 415744K, used 352443K [0x0000000080000000, 0x0000000100000000)
  region size 1024K, 216 young (221184K), 16 survivors (16384K)
 Metaspace       used 94960K, capacity 97249K, committed 97536K, reserved 1134592K
  class space    used 12103K, capacity 12922K, committed 13056K, reserved 1048576K
}
Event: 116.240 GC heap after
{Heap after GC invocations=58 (full 0):
 garbage-first heap   total 415744K, used 151097K [0x0000000080000000, 0x0000000100000000)
  region size 1024K, 13 young (13312K), 13 survivors (13312K)
 Metaspace       used 94960K, capacity 97249K, committed 97536K, reserved 1134592K
  class space    used 12103K, capacity 12922K, committed 13056K, reserved 1048576K
}
Event: 118.743 GC heap before
{Heap before GC invocations=58 (full 0):
 garbage-first heap   total 415744K, used 352825K [0x0000000080000000, 0x0000000100000000)
  region size 1024K, 211 young (216064K), 13 survivors (13312K)
 Metaspace       used 95011K, capacity 97260K, committed 97536K, reserved 1134592K
  class space    used 12111K, capacity 12926K, committed 13056K, reserved 1048576K
}

